<?xml version="1.0" encoding="UTF-8"?>
<testsuite name="TicTacToeTest" tests="1" skipped="0" failures="0" errors="0" timestamp="2023-02-26T19:26:56" hostname="DESKTOP-77HAML8" time="15.073">
  <properties/>
  <testcase name="start" classname="TicTacToeTest" time="15.073"/>
  <system-out><![CDATA[?[1;31m
Start test 1?[0m
?[1;31m
Start test 2?[0m
?[1;31m
Start test 3?[0m
?[1;31m
Start test 4?[0m
?[1;31m
Start test 5?[0m
?[1;31m
Start test 6?[0m
?[1;31m
Start test 7?[0m
?[1;31m
Start test 8?[0m
?[1;31m
Start test 9?[0m
?[1;31m
Start test 10?[0m
?[1;31m
Start test 11?[0m
?[1;31m
Start test 12?[0m
?[1;31m
Start test 13?[0m
?[1;31m
Start test 14?[0m
?[1;31m
Start test 15?[0m
?[1;31m
Start test 16?[0m
?[1;31m
Start test 17?[0m
?[1;31m
Start test 18?[0m
?[1;31m
Start test 19?[0m
?[1;31m
Start test 20?[0m
?[1;31m
Start test 21?[0m
?[1;31m
Start test 22?[0m
?[1;31m
Start test 23?[0m
?[1;31m
Start test 24?[0m
?[1;31m
Start test 25?[0m
?[1;31m
Start test 26?[0m
?[1;31m
Start test 27?[0m
?[1;31m
Start test 28?[0m
?[1;31m
Start test 29?[0m
?[1;31m
Start test 30?[0m
?[1;31m
Start test 31?[0m
?[1;31m
Start test 32?[0m
?[1;31m
Start test 33?[0m
?[1;31m
Start test 34?[0m
?[1;31m
Start test 35?[0m
?[1;31m
Start test 36?[0m
?[1;31m
Start test 37?[0m
?[1;31m
Start test 38?[0m
?[1;31m
Start test 39?[0m
?[1;31m
Start test 40?[0m
?[1;31m
Start test 41?[0m
?[1;31m
Start test 42?[0m
?[1;31m
Start test 43?[0m
?[1;31m
Start test 44?[0m
?[1;31m
Start test 45?[0m
?[1;31m
Start test 46?[0m
?[1;31m
Start test 47?[0m
?[1;31m
Start test 48?[0m
?[1;31m
Start test 49?[0m
?[1;31m
Start test 50?[0m
?[1;31m
Start test 51?[0m
?[1;31m
Start test 52?[0m
?[1;31m
Start test 53?[0m
]]></system-out>
  <system-err><![CDATA[?[0;34mFeb 26, 2023 8:26:58 PM tictactoe.TicTacToe lambda$initComponents$0
?[0m?[0;34mINFO: ButtonA1 clicked
?[0m?[0;34mFeb 26, 2023 8:26:59 PM tictactoe.TicTacToe lambda$initComponents$0
?[0m?[0;34mINFO: ButtonA3 clicked
?[0m?[0;34mFeb 26, 2023 8:26:59 PM tictactoe.TicTacToe lambda$initComponents$1
?[0m?[0;34mINFO: ButtonReset clicked
?[0m?[0;34mFeb 26, 2023 8:26:59 PM tictactoe.TicTacToe lambda$initComponents$0
?[0m?[0;34mINFO: ButtonA1 clicked
?[0m?[0;34mFeb 26, 2023 8:26:59 PM tictactoe.TicTacToe lambda$initComponents$0
?[0m?[0;34mINFO: ButtonB1 clicked
?[0m?[0;34mFeb 26, 2023 8:27:00 PM tictactoe.TicTacToe lambda$initComponents$0
?[0m?[0;34mINFO: ButtonC3 clicked
?[0m?[0;34mFeb 26, 2023 8:27:00 PM tictactoe.TicTacToe lambda$initComponents$0
?[0m?[0;34mINFO: ButtonB3 clicked
?[0m?[0;34mFeb 26, 2023 8:27:00 PM tictactoe.TicTacToe lambda$initComponents$0
?[0m?[0;34mINFO: ButtonB2 clicked
?[0m?[0;34mFeb 26, 2023 8:27:01 PM tictactoe.TicTacToe lambda$initComponents$1
?[0m?[0;34mINFO: ButtonReset clicked
?[0m?[0;34mFeb 26, 2023 8:27:01 PM tictactoe.TicTacToe lambda$initComponents$0
?[0m?[0;34mINFO: ButtonB2 clicked
?[0m?[0;34mFeb 26, 2023 8:27:01 PM tictactoe.TicTacToe lambda$initComponents$0
?[0m?[0;34mINFO: ButtonA1 clicked
?[0m?[0;34mFeb 26, 2023 8:27:01 PM tictactoe.TicTacToe lambda$initComponents$0
?[0m?[0;34mINFO: ButtonC1 clicked
?[0m?[0;34mFeb 26, 2023 8:27:02 PM tictactoe.TicTacToe lambda$initComponents$0
?[0m?[0;34mINFO: ButtonA3 clicked
?[0m?[0;34mFeb 26, 2023 8:27:02 PM tictactoe.TicTacToe lambda$initComponents$0
?[0m?[0;34mINFO: ButtonA2 clicked
?[0m?[0;34mFeb 26, 2023 8:27:02 PM tictactoe.TicTacToe lambda$initComponents$0
?[0m?[0;34mINFO: ButtonC2 clicked
?[0m?[0;34mFeb 26, 2023 8:27:03 PM tictactoe.TicTacToe lambda$initComponents$0
?[0m?[0;34mINFO: ButtonB3 clicked
?[0m?[0;34mFeb 26, 2023 8:27:03 PM tictactoe.TicTacToe lambda$initComponents$0
?[0m?[0;34mINFO: ButtonB1 clicked
?[0m?[0;34mFeb 26, 2023 8:27:03 PM tictactoe.TicTacToe lambda$initComponents$0
?[0m?[0;34mINFO: ButtonC3 clicked
?[0m?[0;34mFeb 26, 2023 8:27:04 PM tictactoe.TicTacToe lambda$initComponents$1
?[0m?[0;34mINFO: ButtonReset clicked
?[0m?[0;34mFeb 26, 2023 8:27:04 PM tictactoe.TicTacToe lambda$initComponents$0
?[0m?[0;34mINFO: ButtonA2 clicked
?[0m?[0;34mFeb 26, 2023 8:27:04 PM tictactoe.TicTacToe lambda$initComponents$0
?[0m?[0;34mINFO: ButtonB2 clicked
?[0m?[0;34mFeb 26, 2023 8:27:05 PM tictactoe.TicTacToe lambda$initComponents$0
?[0m?[0;34mINFO: ButtonA1 clicked
?[0m?[0;34mFeb 26, 2023 8:27:05 PM tictactoe.TicTacToe lambda$initComponents$0
?[0m?[0;34mINFO: ButtonA3 clicked
?[0m?[0;34mFeb 26, 2023 8:27:05 PM tictactoe.TicTacToe lambda$initComponents$0
?[0m?[0;34mINFO: ButtonC1 clicked
?[0m?[0;34mFeb 26, 2023 8:27:06 PM tictactoe.TicTacToe lambda$initComponents$0
?[0m?[0;34mINFO: ButtonB1 clicked
?[0m?[0;34mFeb 26, 2023 8:27:06 PM tictactoe.TicTacToe lambda$initComponents$0
?[0m?[0;34mINFO: ButtonC2 clicked
?[0m?[0;34mFeb 26, 2023 8:27:06 PM tictactoe.TicTacToe lambda$initComponents$0
?[0m?[0;34mINFO: ButtonB3 clicked
?[0m?[0;34mFeb 26, 2023 8:27:08 PM tictactoe.TicTacToe lambda$initComponents$1
?[0m?[0;34mINFO: ButtonReset clicked
?[0m?[0;34mFeb 26, 2023 8:27:08 PM tictactoe.TicTacToe lambda$initComponents$1
?[0m?[0;34mINFO: ButtonReset clicked
?[0m?[0;34mFeb 26, 2023 8:27:08 PM tictactoe.TicTacToe lambda$initComponents$0
?[0m?[0;34mINFO: ButtonC1 clicked
?[0m?[0;34mFeb 26, 2023 8:27:08 PM tictactoe.TicTacToe lambda$initComponents$0
?[0m?[0;34mINFO: ButtonB1 clicked
?[0m?[0;34mFeb 26, 2023 8:27:09 PM tictactoe.TicTacToe lambda$initComponents$0
?[0m?[0;34mINFO: ButtonB2 clicked
?[0m?[0;34mFeb 26, 2023 8:27:09 PM tictactoe.TicTacToe lambda$initComponents$0
?[0m?[0;34mINFO: ButtonC2 clicked
?[0m?[0;34mFeb 26, 2023 8:27:09 PM tictactoe.TicTacToe lambda$initComponents$0
?[0m?[0;34mINFO: ButtonA3 clicked
?[0m?[0;34mFeb 26, 2023 8:27:11 PM tictactoe.TicTacToe lambda$initComponents$1
?[0m?[0;34mINFO: ButtonReset clicked
]]></system-err>
</testsuite>
